Using pre-set license
Built from '2022.3/staging' branch; Version is '2022.3.10f1 (ff3792e53c62) revision 16725906'; Using compiler version '192829333'; Build Type 'Release'
OS: 'Windows 11  (10.0.22631) 64bit Professional' Language: 'en' Physical Memory: 40858 MB
BatchMode: 1, IsHumanControllingUs: 0, StartBugReporterOnCrash: 0, Is64bit: 1, IsPro: 1

COMMAND LINE ARGUMENTS:
C:\Program Files\Unity\Hub\Editor\2022.3.10f1\Editor\Unity.exe
-adb2
-batchMode
-noUpm
-name
AssetImportWorker0
-projectPath
C:/VR-Experiment
-logFile
Logs/AssetImportWorker0.log
-srvPort
51354
Successfully changed project path to: C:/VR-Experiment
C:/VR-Experiment
[UnityMemory] Configuration Parameters - Can be set up in boot.config
    "memorysetup-bucket-allocator-granularity=16"
    "memorysetup-bucket-allocator-bucket-count=8"
    "memorysetup-bucket-allocator-block-size=33554432"
    "memorysetup-bucket-allocator-block-count=8"
    "memorysetup-main-allocator-block-size=16777216"
    "memorysetup-thread-allocator-block-size=16777216"
    "memorysetup-gfx-main-allocator-block-size=16777216"
    "memorysetup-gfx-thread-allocator-block-size=16777216"
    "memorysetup-cache-allocator-block-size=4194304"
    "memorysetup-typetree-allocator-block-size=2097152"
    "memorysetup-profiler-bucket-allocator-granularity=16"
    "memorysetup-profiler-bucket-allocator-bucket-count=8"
    "memorysetup-profiler-bucket-allocator-block-size=33554432"
    "memorysetup-profiler-bucket-allocator-block-count=8"
    "memorysetup-profiler-allocator-block-size=16777216"
    "memorysetup-profiler-editor-allocator-block-size=1048576"
    "memorysetup-temp-allocator-size-main=16777216"
    "memorysetup-job-temp-allocator-block-size=2097152"
    "memorysetup-job-temp-allocator-block-size-background=1048576"
    "memorysetup-job-temp-allocator-reduction-small-platforms=262144"
    "memorysetup-allocator-temp-initial-block-size-main=262144"
    "memorysetup-allocator-temp-initial-block-size-worker=262144"
    "memorysetup-temp-allocator-size-background-worker=32768"
    "memorysetup-temp-allocator-size-job-worker=262144"
    "memorysetup-temp-allocator-size-preload-manager=33554432"
    "memorysetup-temp-allocator-size-nav-mesh-worker=65536"
    "memorysetup-temp-allocator-size-audio-worker=65536"
    "memorysetup-temp-allocator-size-cloud-worker=32768"
    "memorysetup-temp-allocator-size-gi-baking-worker=262144"
    "memorysetup-temp-allocator-size-gfx=262144"
Player connection [32988] Host "[IP] 10.243.73.232 [Port] 0 [Flags] 2 [Guid] 2983473816 [EditorId] 2983473816 [Version] 1048832 [Id] WindowsEditor(7,mdho) [Debug] 1 [PackageName] WindowsEditor [ProjectName] Editor" joined multi-casting on [225.0.0.222:54997]...

Player connection [32988] Host "[IP] 10.243.73.232 [Port] 0 [Flags] 2 [Guid] 2983473816 [EditorId] 2983473816 [Version] 1048832 [Id] WindowsEditor(7,mdho) [Debug] 1 [PackageName] WindowsEditor [ProjectName] Editor" joined alternative multi-casting on [225.0.0.222:34997]...

[Physics::Module] Initialized MultithreadedJobDispatcher with 11 workers.
Refreshing native plugins compatible for Editor in 20.32 ms, found 10 plugins.
Preloading 0 native plugins for Editor in 0.00 ms.
Initialize engine version: 2022.3.10f1 (ff3792e53c62)
[Subsystems] Discovering subsystems at path C:/Program Files/Unity/Hub/Editor/2022.3.10f1/Editor/Data/Resources/UnitySubsystems
[Subsystems] Discovering subsystems at path C:/VR-Experiment/Assets
GfxDevice: creating device client; threaded=0; jobified=0
Direct3D:
    Version:  Direct3D 11.0 [level 11.1]
    Renderer: NVIDIA GeForce RTX 2060 (ID=0x1f11)
    Vendor:   NVIDIA
    VRAM:     5955 MB
    Driver:   32.0.15.6590
Initialize mono
Mono path[0] = 'C:/Program Files/Unity/Hub/Editor/2022.3.10f1/Editor/Data/Managed'
Mono path[1] = 'C:/Program Files/Unity/Hub/Editor/2022.3.10f1/Editor/Data/MonoBleedingEdge/lib/mono/unityjit-win32'
Mono config path = 'C:/Program Files/Unity/Hub/Editor/2022.3.10f1/Editor/Data/MonoBleedingEdge/etc'
Using monoOptions --debugger-agent=transport=dt_socket,embedding=1,server=y,suspend=n,address=127.0.0.1:56552
Begin MonoManager ReloadAssembly
Registering precompiled unity dll's ...
Register platform support module: C:/Program Files/Unity/Hub/Editor/2022.3.10f1/Editor/Data/PlaybackEngines/AndroidPlayer/UnityEditor.Android.Extensions.dll
Register platform support module: C:/Program Files/Unity/Hub/Editor/2022.3.10f1/Editor/Data/PlaybackEngines/WindowsStandaloneSupport/UnityEditor.WindowsStandalone.Extensions.dll
Registered in 0.010133 seconds.
- Loaded All Assemblies, in  0.517 seconds
Native extension for WindowsStandalone target not found
Native extension for Android target not found
Android Extension - Scanning For ADB Devices 359 ms
Mono: successfully reloaded assembly
- Finished resetting the current domain, in  0.813 seconds
Domain Reload Profiling: 1329ms
	BeginReloadAssembly (142ms)
		ExecutionOrderSort (0ms)
		DisableScriptedObjects (0ms)
		BackupInstance (0ms)
		ReleaseScriptingObjects (0ms)
		CreateAndSetChildDomain (1ms)
	RebuildCommonClasses (53ms)
	RebuildNativeTypeToScriptingClass (20ms)
	initialDomainReloadingComplete (85ms)
	LoadAllAssembliesAndSetupDomain (216ms)
		LoadAssemblies (142ms)
		RebuildTransferFunctionScriptingTraits (0ms)
		AnalyzeDomain (211ms)
			TypeCache.Refresh (209ms)
				TypeCache.ScanAssembly (190ms)
			ScanForSourceGeneratedMonoScriptInfo (0ms)
			ResolveRequiredComponents (1ms)
	FinalizeReload (814ms)
		ReleaseScriptCaches (0ms)
		RebuildScriptCaches (0ms)
		SetupLoadedEditorAssemblies (721ms)
			LogAssemblyErrors (0ms)
			InitializePlatformSupportModulesInManaged (504ms)
			SetLoadedEditorAssemblies (5ms)
			RefreshPlugins (0ms)
			BeforeProcessingInitializeOnLoad (3ms)
			ProcessInitializeOnLoadAttributes (141ms)
			ProcessInitializeOnLoadMethodAttributes (70ms)
			AfterProcessingInitializeOnLoad (0ms)
			EditorAssembliesLoaded (0ms)
		ExecutionOrderSort2 (0ms)
		AwakeInstancesAfterBackupRestoration (0ms)
========================================================================
Worker process is ready to serve import requests
Begin MonoManager ReloadAssembly
- Loaded All Assemblies, in  0.958 seconds
Refreshing native plugins compatible for Editor in 13.28 ms, found 10 plugins.
Native extension for WindowsStandalone target not found
Native extension for Android target not found
Package Manager log level set to [2]
[Package Manager] Server::EnsureServerProcessIsRunning -- launch failed, reason: Unity was launched with the -noUpm command-line argument
[Package Manager] UpmClient::Send -- Unable to send message (not connected to UPM process).
[Package Manager] Cannot connect to Unity Package Manager local server
[Package Manager] Server::EnsureServerProcessIsRunning -- launch failed, reason: Unity was launched with the -noUpm command-line argument
[Package Manager] UpmClient::Send -- Unable to send message (not connected to UPM process).
[Package Manager] Cannot connect to Unity Package Manager local server
Mono: successfully reloaded assembly
[Package Manager] Server::EnsureServerProcessIsRunning -- launch failed, reason: Unity was launched with the -noUpm command-line argument
[Package Manager] UpmClient::Send -- Unable to send message (not connected to UPM process).
[Package Manager] Cannot connect to Unity Package Manager local server
[Package Manager] Server::EnsureServerProcessIsRunning -- launch failed, reason: Unity was launched with the -noUpm command-line argument
[Package Manager] UpmClient::Send -- Unable to send message (not connected to UPM process).
[Package Manager] Cannot connect to Unity Package Manager local server
- Finished resetting the current domain, in  0.961 seconds
Domain Reload Profiling: 1916ms
	BeginReloadAssembly (205ms)
		ExecutionOrderSort (0ms)
		DisableScriptedObjects (7ms)
		BackupInstance (0ms)
		ReleaseScriptingObjects (0ms)
		CreateAndSetChildDomain (30ms)
	RebuildCommonClasses (41ms)
	RebuildNativeTypeToScriptingClass (16ms)
	initialDomainReloadingComplete (49ms)
	LoadAllAssembliesAndSetupDomain (643ms)
		LoadAssemblies (440ms)
		RebuildTransferFunctionScriptingTraits (0ms)
		AnalyzeDomain (325ms)
			TypeCache.Refresh (281ms)
				TypeCache.ScanAssembly (254ms)
			ScanForSourceGeneratedMonoScriptInfo (32ms)
			ResolveRequiredComponents (10ms)
	FinalizeReload (961ms)
		ReleaseScriptCaches (0ms)
		RebuildScriptCaches (0ms)
		SetupLoadedEditorAssemblies (720ms)
			LogAssemblyErrors (0ms)
			InitializePlatformSupportModulesInManaged (28ms)
			SetLoadedEditorAssemblies (5ms)
			RefreshPlugins (0ms)
			BeforeProcessingInitializeOnLoad (98ms)
			ProcessInitializeOnLoadAttributes (518ms)
			ProcessInitializeOnLoadMethodAttributes (64ms)
			AfterProcessingInitializeOnLoad (6ms)
			EditorAssembliesLoaded (0ms)
		ExecutionOrderSort2 (0ms)
		AwakeInstancesAfterBackupRestoration (10ms)
Launched and connected shader compiler UnityShaderCompiler.exe after 0.06 seconds
Refreshing native plugins compatible for Editor in 13.65 ms, found 10 plugins.
Preloading 0 native plugins for Editor in 0.00 ms.
Unloading 5234 Unused Serialized files (Serialized files now loaded: 0)
Unloading 83 unused Assets / (76.3 KB). Loaded Objects now: 5737.
Memory consumption went from 178.5 MB to 178.4 MB.
Total: 6.886100 ms (FindLiveObjects: 0.905200 ms CreateObjectMapping: 0.703300 ms MarkObjects: 5.043600 ms  DeleteObjects: 0.230700 ms)

AssetImportParameters requested are different than current active one (requested -> active):
  custom:container-demuxer-ogg: 62fdf1f143b41e24485cea50d1cbac27 -> 
  custom:video-codec-MediaFoundation-h265: 746d11721c4dcdbdad8f713fa42b33f4 -> 
  custom:video-decoder-ogg-theora: a1e56fd34408186e4bbccfd4996cb3dc -> 
  custom:framework-win-MediaFoundation: 216162199b28c13a410421893ffa2e32 -> 
  custom:CustomObjectIndexerAttribute: 756ad292c208cfabdd7b50bc23989ffe -> 
  custom:container-demuxer-webm: 4f35f7cbe854078d1ac9338744f61a02 -> 
  custom:container-muxer-webm: aa71ff27fc2769a1b78a27578f13a17b -> 
  custom:video-decoder-webm-vp8: 9c59270c3fd7afecdb556c50c9e8de78 -> 
  custom:SearchIndexIgnoredProperties: e643bd26f0fe6173181afceb89e7c659 -> 
  custom:AudioImporter_EditorPlatform: d09bf68614088b80899f8185d706f6e7 -> 
  custom:video-encoder-webm-vp8: eb34c28f22e8b96e1ab97ce403110664 -> 
  custom:audio-decoder-ogg-vorbis: bf7c407c2cedff20999df2af8eb42d56 -> 
  custom:audio-encoder-webm-vorbis: bf7c407c2cedff20999df2af8eb42d56 -> 
========================================================================
Received Import Request.
  Time since last request: 665346.865299 seconds.
  path: Assets/Samples/04_Interaction/04_Interaction
  artifactKey: Guid(8300f49946570354fb2d73866b4db25d) Importer(815301076,1909f56bfc062723c751e8b465ee728b)
Start importing Assets/Samples/04_Interaction/04_Interaction using Guid(8300f49946570354fb2d73866b4db25d) Importer(815301076,1909f56bfc062723c751e8b465ee728b)  -> (artifact id: 'ddfff235b7fd17cd8a398c8d1d175b50') in 0.003071 seconds
Number of updated asset objects reloaded before import = 0
Number of asset objects unloaded after import = 0
========================================================================
Received Import Request.
  Time since last request: 11.458165 seconds.
  path: Assets/VRExperiment/04_Interaction.unity
  artifactKey: Guid(abfd2a6dff1e4ba4ba286d4dc3137b65) Importer(815301076,1909f56bfc062723c751e8b465ee728b)
Start importing Assets/VRExperiment/04_Interaction.unity using Guid(abfd2a6dff1e4ba4ba286d4dc3137b65) Importer(815301076,1909f56bfc062723c751e8b465ee728b)  -> (artifact id: 'e2148dd9ff9d6466fba476397b4bfb82') in 0.000841 seconds
Number of updated asset objects reloaded before import = 0
Number of asset objects unloaded after import = 0
========================================================================
Received Import Request.
  Time since last request: 4.097305 seconds.
  path: Assets/VRExperiment/04_Interaction
  artifactKey: Guid(06f4a781c0b48fa4c8cdaf839f7af752) Importer(815301076,1909f56bfc062723c751e8b465ee728b)
Start importing Assets/VRExperiment/04_Interaction using Guid(06f4a781c0b48fa4c8cdaf839f7af752) Importer(815301076,1909f56bfc062723c751e8b465ee728b)  -> (artifact id: '3d1896cabd30eefff5d828fa61f92eef') in 0.000494 seconds
Number of updated asset objects reloaded before import = 0
Number of asset objects unloaded after import = 0
========================================================================
Received Import Request.
  Time since last request: 0.037805 seconds.
  path: Assets/VRExperiment/04_Interaction/LightingData.asset
  artifactKey: Guid(1d512e6d82a972c4f92d377656163b8e) Importer(815301076,1909f56bfc062723c751e8b465ee728b)
Start importing Assets/VRExperiment/04_Interaction/LightingData.asset using Guid(1d512e6d82a972c4f92d377656163b8e) Importer(815301076,1909f56bfc062723c751e8b465ee728b)  -> (artifact id: '97cd18cf3966d8f56fc4fa6c90495647') in 0.010138 seconds
Number of updated asset objects reloaded before import = 0
Number of asset objects unloaded after import = 1
========================================================================
Received Import Request.
  Time since last request: 0.004253 seconds.
  path: Assets/VRExperiment/04_Interaction/Lightmap-1_comp_dir.png
  artifactKey: Guid(7cec7ba4b6a06b047b59569790ffd328) Importer(815301076,1909f56bfc062723c751e8b465ee728b)
Start importing Assets/VRExperiment/04_Interaction/Lightmap-1_comp_dir.png using Guid(7cec7ba4b6a06b047b59569790ffd328) Importer(815301076,1909f56bfc062723c751e8b465ee728b)  -> (artifact id: '9e926565fdeac2982115d3281b844d22') in 0.070425 seconds
Number of updated asset objects reloaded before import = 0
Number of asset objects unloaded after import = 2
========================================================================
Received Import Request.
  Time since last request: 0.000137 seconds.
  path: Assets/VRExperiment/04_Interaction/ReflectionProbe-0.exr
  artifactKey: Guid(7f3b0f81f73336d469869b938dfc12c8) Importer(815301076,1909f56bfc062723c751e8b465ee728b)
Start importing Assets/VRExperiment/04_Interaction/ReflectionProbe-0.exr using Guid(7f3b0f81f73336d469869b938dfc12c8) Importer(815301076,1909f56bfc062723c751e8b465ee728b)  -> (artifact id: 'ad7aff301d58c66c81047f482225226a') in 0.055652 seconds
Number of updated asset objects reloaded before import = 0
Number of asset objects unloaded after import = 1
========================================================================
Received Import Request.
  Time since last request: 3.493502 seconds.
  path: Assets/VRExperiment/Scripts
  artifactKey: Guid(42a8f76c827560644b3a621843260b88) Importer(815301076,1909f56bfc062723c751e8b465ee728b)
Start importing Assets/VRExperiment/Scripts using Guid(42a8f76c827560644b3a621843260b88) Importer(815301076,1909f56bfc062723c751e8b465ee728b)  -> (artifact id: '2108cab5d3fad5fdbcbdd9e815deecb5') in 0.000659 seconds
Number of updated asset objects reloaded before import = 0
Number of asset objects unloaded after import = 0
========================================================================
Received Import Request.
  Time since last request: 1.926988 seconds.
  path: Assets/VRExperiment/Prefabs/pf_bullet.prefab
  artifactKey: Guid(dd8fb291446e5b342897d34155f04aef) Importer(815301076,1909f56bfc062723c751e8b465ee728b)
Start importing Assets/VRExperiment/Prefabs/pf_bullet.prefab using Guid(dd8fb291446e5b342897d34155f04aef) Importer(815301076,1909f56bfc062723c751e8b465ee728b)  -> (artifact id: 'bd07caa0e6e12c962d61f3edf96af523') in 0.050429 seconds
Number of updated asset objects reloaded before import = 0
Number of asset objects unloaded after import = 8
========================================================================
Received Import Request.
  Time since last request: 1.803201 seconds.
  path: Assets/VRExperiment/Media/shot.ogg
  artifactKey: Guid(bd7f4b94f5d11ba499a2eb0ab0b1e04c) Importer(815301076,1909f56bfc062723c751e8b465ee728b)
Start importing Assets/VRExperiment/Media/shot.ogg using Guid(bd7f4b94f5d11ba499a2eb0ab0b1e04c) Importer(815301076,1909f56bfc062723c751e8b465ee728b)  -> (artifact id: 'e1cd6aa622fe395e8c528050d0b51d5b') in 0.037653 seconds
Number of updated asset objects reloaded before import = 0
Number of asset objects unloaded after import = 2
========================================================================
Received Import Request.
  Time since last request: 27.770575 seconds.
  path: Assets/VRExperiment/Media/SciFi Gun/SciFiGun_Specular.prefab
  artifactKey: Guid(7c65d45ecb5c219429d5e91e289c2a74) Importer(815301076,1909f56bfc062723c751e8b465ee728b)
Start importing Assets/VRExperiment/Media/SciFi Gun/SciFiGun_Specular.prefab using Guid(7c65d45ecb5c219429d5e91e289c2a74) Importer(815301076,1909f56bfc062723c751e8b465ee728b)  -> (artifact id: '43028f3451855a2ac546bf5996c1f421') in 0.249837 seconds
Number of updated asset objects reloaded before import = 0
Number of asset objects unloaded after import = 24
